<?xml version="1.0" encoding="UTF-8"?>
<!-- Generated by org.testng.reporters.JUnitReportReporter -->
<testsuite hostname="LIN24007907" failures="0" tests="14" name="SeleniumTesting.AEMhdfc.ProductpageTest" time="303.499" errors="1" timestamp="2021-12-10T23:36:49 IST" skipped="3">
  <testcase classname="SeleniumTesting.AEMhdfc.ProductpageTest" name="navigateToProductPage" time="22.355"/>
  <system-out/>
  <testcase classname="SeleniumTesting.AEMhdfc.ProductpageTest" name="verifyTandCOption" time="24.420"/>
  <system-out/>
  <testcase classname="SeleniumTesting.AEMhdfc.ProductpageTest" name="verifyProductPageBreadcrumb" time="22.952"/>
  <system-out/>
  <testcase classname="SeleniumTesting.AEMhdfc.ProductpageTest" name="verifyRatingOption" time="9.498"/>
  <system-out/>
  <testcase classname="SeleniumTesting.AEMhdfc.ProductpageTest" name="verifyPrintBtn" time="9.633"/>
  <system-out/>
  <testcase classname="SeleniumTesting.AEMhdfc.ProductpageTest" name="verifyShareOption" time="61.637"/>
  <system-out/>
  <testcase classname="SeleniumTesting.AEMhdfc.ProductpageTest" name="verifyRatingsFromAPI" time="3.075"/>
  <system-out/>
  <testcase classname="SeleniumTesting.AEMhdfc.ProductpageTest" name="verifyDownloadBrochure" time="6.160"/>
  <system-out/>
  <testcase classname="SeleniumTesting.AEMhdfc.ProductpageTest" name="verifyCalculatePremiumBtn" time="11.476"/>
  <system-out/>
  <testcase classname="SeleniumTesting.AEMhdfc.ProductpageTest" name="verifyBuyNowBtn" time="9.526"/>
  <system-out/>
  <testcase classname="SeleniumTesting.AEMhdfc.ProductpageTest" name="verifyDownloadsSectionAfterScroll" time="37.600">
    <skipped/>
  </testcase> <!-- verifyDownloadsSectionAfterScroll -->
  <system-out/>
  <testcase classname="SeleniumTesting.AEMhdfc.ProductpageTest" name="verifyDownloadsSectionAfterScroll" time="36.316">
    <error message="no such element: Unable to locate element: {&quot;method&quot;:&quot;xpath&quot;,&quot;selector&quot;:&quot;(//*[name()=&#039;svg&#039;][@class=&#039;starttest&#039;])[2]&quot;}
  (Session info: chrome=96.0.4664.93)
For documentation on this error, please visit: https://www.seleniumhq.org/exceptions/no_such_element.html
Build info: version: &#039;3.141.59&#039;, revision: &#039;e82be7d358&#039;, time: &#039;2018-11-14T08:17:03&#039;
System info: host: &#039;LIN24007907&#039;, ip: &#039;192.168.1.13&#039;, os.name: &#039;Windows 10&#039;, os.arch: &#039;amd64&#039;, os.version: &#039;10.0&#039;, java.version: &#039;17&#039;
Driver info: org.openqa.selenium.chrome.ChromeDriver
Capabilities {acceptInsecureCerts: false, browserName: chrome, browserVersion: 96.0.4664.93, chrome: {chromedriverVersion: 96.0.4664.45 (76e4c1bb2ab46..., userDataDir: C:\Users\Akundar\AppData\Lo...}, goog:chromeOptions: {debuggerAddress: localhost:58764}, javascriptEnabled: true, networkConnectionEnabled: false, pageLoadStrategy: normal, platform: WINDOWS, platformName: WINDOWS, proxy: Proxy(), setWindowRect: true, strictFileInteractability: false, timeouts: {implicit: 0, pageLoad: 300000, script: 30000}, unhandledPromptBehavior: dismiss and notify, webauthn:extension:credBlob: true, webauthn:extension:largeBlob: true, webauthn:virtualAuthenticators: true}
Session ID: 40e3aab6c4b895747bf98333aa97cb58
*** Element info: {Using=xpath, value=(//*[name()=&#039;svg&#039;][@class=&#039;starttest&#039;])[2]}" type="org.openqa.selenium.NoSuchElementException">
      <![CDATA[org.openqa.selenium.NoSuchElementException: no such element: Unable to locate element: {"method":"xpath","selector":"(//*[name()='svg'][@class='starttest'])[2]"}
  (Session info: chrome=96.0.4664.93)
For documentation on this error, please visit: https://www.seleniumhq.org/exceptions/no_such_element.html
Build info: version: '3.141.59', revision: 'e82be7d358', time: '2018-11-14T08:17:03'
System info: host: 'LIN24007907', ip: '192.168.1.13', os.name: 'Windows 10', os.arch: 'amd64', os.version: '10.0', java.version: '17'
Driver info: org.openqa.selenium.chrome.ChromeDriver
Capabilities {acceptInsecureCerts: false, browserName: chrome, browserVersion: 96.0.4664.93, chrome: {chromedriverVersion: 96.0.4664.45 (76e4c1bb2ab46..., userDataDir: C:\Users\Akundar\AppData\Lo...}, goog:chromeOptions: {debuggerAddress: localhost:58764}, javascriptEnabled: true, networkConnectionEnabled: false, pageLoadStrategy: normal, platform: WINDOWS, platformName: WINDOWS, proxy: Proxy(), setWindowRect: true, strictFileInteractability: false, timeouts: {implicit: 0, pageLoad: 300000, script: 30000}, unhandledPromptBehavior: dismiss and notify, webauthn:extension:credBlob: true, webauthn:extension:largeBlob: true, webauthn:virtualAuthenticators: true}
Session ID: 40e3aab6c4b895747bf98333aa97cb58
*** Element info: {Using=xpath, value=(//*[name()='svg'][@class='starttest'])[2]}
at java.base/jdk.internal.reflect.NativeConstructorAccessorImpl.newInstance0(Native Method)
at java.base/jdk.internal.reflect.NativeConstructorAccessorImpl.newInstance(NativeConstructorAccessorImpl.java:77)
at java.base/jdk.internal.reflect.DelegatingConstructorAccessorImpl.newInstance(DelegatingConstructorAccessorImpl.java:45)
at java.base/java.lang.reflect.Constructor.newInstanceWithCaller(Constructor.java:499)
at java.base/java.lang.reflect.Constructor.newInstance(Constructor.java:480)
at org.openqa.selenium.remote.http.W3CHttpResponseCodec.createException(W3CHttpResponseCodec.java:187)
at org.openqa.selenium.remote.http.W3CHttpResponseCodec.decode(W3CHttpResponseCodec.java:122)
at org.openqa.selenium.remote.http.W3CHttpResponseCodec.decode(W3CHttpResponseCodec.java:49)
at org.openqa.selenium.remote.HttpCommandExecutor.execute(HttpCommandExecutor.java:158)
at org.openqa.selenium.remote.service.DriverCommandExecutor.execute(DriverCommandExecutor.java:83)
at org.openqa.selenium.remote.RemoteWebDriver.execute(RemoteWebDriver.java:552)
at org.openqa.selenium.remote.RemoteWebDriver.findElement(RemoteWebDriver.java:323)
at org.openqa.selenium.remote.RemoteWebDriver.findElementByXPath(RemoteWebDriver.java:428)
at org.openqa.selenium.By$ByXPath.findElement(By.java:353)
at org.openqa.selenium.remote.RemoteWebDriver.findElement(RemoteWebDriver.java:315)
at jdk.internal.reflect.GeneratedMethodAccessor3.invoke(Unknown Source)
at java.base/jdk.internal.reflect.DelegatingMethodAccessorImpl.invoke(DelegatingMethodAccessorImpl.java:43)
at java.base/java.lang.reflect.Method.invoke(Method.java:568)
at org.openqa.selenium.support.events.EventFiringWebDriver.lambda$new$1(EventFiringWebDriver.java:105)
at jdk.proxy2/jdk.proxy2.$Proxy25.findElement(Unknown Source)
at org.openqa.selenium.support.events.EventFiringWebDriver.findElement(EventFiringWebDriver.java:194)
at PageObjects.Productpage.provideRatings(Productpage.java:124)
at SeleniumTesting.AEMhdfc.ProductpageTest.verifyRatingOption(ProductpageTest.java:78)
at SeleniumTesting.AEMhdfc.ProductpageTest.verifyDownloadsSectionAfterScroll(ProductpageTest.java:137)
at java.base/jdk.internal.reflect.NativeMethodAccessorImpl.invoke0(Native Method)
at java.base/jdk.internal.reflect.NativeMethodAccessorImpl.invoke(NativeMethodAccessorImpl.java:77)
at java.base/jdk.internal.reflect.DelegatingMethodAccessorImpl.invoke(DelegatingMethodAccessorImpl.java:43)
at java.base/java.lang.reflect.Method.invoke(Method.java:568)
at org.testng.internal.MethodInvocationHelper.invokeMethod(MethodInvocationHelper.java:133)
at org.testng.internal.TestInvoker.invokeMethod(TestInvoker.java:598)
at org.testng.internal.TestInvoker.retryFailed(TestInvoker.java:213)
at org.testng.internal.MethodRunner.runInSequence(MethodRunner.java:58)
at org.testng.internal.TestInvoker$MethodInvocationAgent.invoke(TestInvoker.java:824)
at org.testng.internal.TestInvoker.invokeTestMethods(TestInvoker.java:146)
at org.testng.internal.TestMethodWorker.invokeTestMethods(TestMethodWorker.java:146)
at org.testng.internal.TestMethodWorker.run(TestMethodWorker.java:128)
at java.base/java.util.ArrayList.forEach(ArrayList.java:1511)
at org.testng.TestRunner.privateRun(TestRunner.java:794)
at org.testng.TestRunner.run(TestRunner.java:596)
at org.testng.SuiteRunner.runTest(SuiteRunner.java:377)
at org.testng.SuiteRunner.runSequentially(SuiteRunner.java:371)
at org.testng.SuiteRunner.privateRun(SuiteRunner.java:332)
at org.testng.SuiteRunner.run(SuiteRunner.java:276)
at org.testng.SuiteRunnerWorker.runSuite(SuiteRunnerWorker.java:53)
at org.testng.SuiteRunnerWorker.run(SuiteRunnerWorker.java:96)
at org.testng.TestNG.runSuitesSequentially(TestNG.java:1212)
at org.testng.TestNG.runSuitesLocally(TestNG.java:1134)
at org.testng.TestNG.runSuites(TestNG.java:1063)
at org.testng.TestNG.run(TestNG.java:1031)
at org.apache.maven.surefire.testng.TestNGExecutor.run(TestNGExecutor.java:284)
at org.apache.maven.surefire.testng.TestNGXmlTestSuite.execute(TestNGXmlTestSuite.java:75)
at org.apache.maven.surefire.testng.TestNGProvider.invoke(TestNGProvider.java:119)
at org.apache.maven.surefire.booter.ForkedBooter.runSuitesInProcess(ForkedBooter.java:428)
at org.apache.maven.surefire.booter.ForkedBooter.execute(ForkedBooter.java:162)
at org.apache.maven.surefire.booter.ForkedBooter.run(ForkedBooter.java:562)
at org.apache.maven.surefire.booter.ForkedBooter.main(ForkedBooter.java:548)
]]>
    </error>
  </testcase> <!-- verifyDownloadsSectionAfterScroll -->
  <system-out/>
  <testcase classname="SeleniumTesting.AEMhdfc.ProductpageTest" name="verifyDownloadsSectionAfterScroll" time="12.544">
    <skipped/>
  </testcase> <!-- verifyDownloadsSectionAfterScroll -->
  <system-out/>
  <testcase classname="SeleniumTesting.AEMhdfc.ProductpageTest" name="verifyDownloadsSectionAfterScroll" time="36.307">
    <skipped/>
  </testcase> <!-- verifyDownloadsSectionAfterScroll -->
  <system-out/>
</testsuite> <!-- SeleniumTesting.AEMhdfc.ProductpageTest -->
